<?xml version="1.0" encoding="UTF-8"?>
<!-- Generated by org.testng.reporters.JUnitXMLReporter -->
<testsuite hostname="Lenovo-PC" name="chromebrowser" tests="3" failures="0" timestamp="2 Nov 2019 03:31:27 GMT" time="66.859" errors="0">
  <testcase name="calculate" time="20.98" classname="com.testng.DataProvider"/>
  <testcase name="calculate" time="13.222" classname="com.testng.DataProvider"/>
  <testcase name="calculate" time="14.48" classname="com.testng.DataProvider"/>
</testsuite> <!-- chromebrowser -->
