<?xml version="1.0" encoding="UTF-8"?>
<!-- Generated by org.testng.reporters.JUnitXMLReporter -->
<testsuite hostname="Lenovo-PC" name="FirefoxBrowser" tests="3" failures="0" timestamp="2 Nov 2019 03:31:29 GMT" time="69.044" errors="0">
  <testcase name="calculate" time="16.918" classname="com.testng.DataProvider"/>
  <testcase name="calculate" time="13.337" classname="com.testng.DataProvider"/>
  <testcase name="calculate" time="12.741" classname="com.testng.DataProvider"/>
</testsuite> <!-- FirefoxBrowser -->
