<?xml version="1.0" encoding="UTF-8"?>
<!-- Generated by org.testng.reporters.JUnitXMLReporter -->
<testsuite hostname="Lenovo-PC" name="Regression" tests="2" failures="0" timestamp="2 Jun 2018 15:33:33 GMT" time="16.666" errors="0">
  <testcase name="@BeforeClass check_application" time="0.0" classname="com.testng.BuyaProduct">
    <failure type="java.lang.AssertionError" message="expected [My Store] but found [My Store112]">
      <![CDATA[java.lang.AssertionError: expected [My Store] but found [My Store112]
	at com.testng.BuyaProduct.check_application(BuyaProduct.java:20)
... Removed 30 stack frames]]>
    </failure>
  </testcase> <!-- @BeforeClass check_application -->
  <testcase name="@AfterTest closebrowser" time="0.0" classname="com.testng.BuyaProduct">
    <skipped/>
  </testcase> <!-- @AfterTest closebrowser -->
  <testcase name="checkoutitem" time="0.001" classname="com.testng.BuyaProduct">
    <skipped/>
  </testcase> <!-- checkoutitem -->
  <testcase name="clickapplication" time="0.001" classname="com.testng.BuyaProduct">
    <skipped/>
  </testcase> <!-- clickapplication -->
</testsuite> <!-- Regression -->
