<?xml version="1.0" encoding="UTF-8"?>
<!-- Generated by org.testng.reporters.JUnitXMLReporter -->
<testsuite hostname="Lenovo-PC" name="RegressionTesting" tests="8" failures="0" timestamp="13 May 2018 02:02:36 GMT" time="0.082" errors="0">
  <testcase name="testmethod1" time="0.008" classname="com.testng.Class1"/>
  <testcase name="testmethod2" time="0.001" classname="com.testng.Class1"/>
  <testcase name="testmethod3" time="0.001" classname="com.testng.Class1"/>
  <testcase name="testmethod4" time="0.001" classname="com.testng.Class1"/>
  <testcase name="testmethod1" time="0.001" classname="com.testng.Class2"/>
  <testcase name="testmethod2" time="0.001" classname="com.testng.Class2"/>
  <testcase name="testmethod3" time="0.002" classname="com.testng.Class2"/>
  <testcase name="testmethod4" time="0.001" classname="com.testng.Class2"/>
</testsuite> <!-- RegressionTesting -->
